This is pdfTeX, Version 3.1415926-2.4-1.40.13 (MiKTeX 2.9 64-bit) (preloaded format=pdflatex 2014.7.13)  12 NOV 2015 12:56
entering extended mode
**thesis.tex

(C:\Users\Oliver\Desktop\MastersThesisCsg_TempFolder\Thesis-pdlatex-Serif\thesi
s.tex
LaTeX2e <2011/06/27>
Babel <v3.8m> and hyphenation patterns for english, afrikaans, ancientgreek, ar
abic, armenian, assamese, basque, bengali, bokmal, bulgarian, catalan, coptic, 
croatian, czech, danish, dutch, esperanto, estonian, farsi, finnish, french, ga
lician, german, german-x-2012-05-30, greek, gujarati, hindi, hungarian, iceland
ic, indonesian, interlingua, irish, italian, kannada, kurmanji, latin, latvian,
 lithuanian, malayalam, marathi, mongolian, mongolianlmc, monogreek, ngerman, n
german-x-2012-05-30, nynorsk, oriya, panjabi, pinyin, polish, portuguese, roman
ian, russian, sanskrit, serbian, slovak, slovenian, spanish, swedish, swissgerm
an, tamil, telugu, turkish, turkmen, ukenglish, ukrainian, uppersorbian, usengl
ishmax, welsh, loaded.
("C:\Program Files\MiKTeX 2.9\tex\latex\base\book.cls"
Document Class: book 2007/10/19 v1.4h Standard LaTeX document class
("C:\Program Files\MiKTeX 2.9\tex\latex\base\bk12.clo"
File: bk12.clo 2007/10/19 v1.4h Standard LaTeX file (size option)
)
\c@part=\count79
\c@chapter=\count80
\c@section=\count81
\c@subsection=\count82
\c@subsubsection=\count83
\c@paragraph=\count84
\c@subparagraph=\count85
\c@figure=\count86
\c@table=\count87
\abovecaptionskip=\skip41
\belowcaptionskip=\skip42
\bibindent=\dimen102
)
("C:\Program Files\MiKTeX 2.9\tex\generic\babel\babel.sty"
Package: babel 2008/07/08 v3.8m The Babel package

*************************************
* Local config file bblopts.cfg used
*
("C:\Program Files\MiKTeX 2.9\tex\latex\00miktex\bblopts.cfg"
File: bblopts.cfg 2006/07/31 v1.0 MiKTeX 'babel' configuration
)
("C:\Program Files\MiKTeX 2.9\tex\generic\babel\english.ldf"
Language: english 2005/03/30 v3.3o English support from the babel system

("C:\Program Files\MiKTeX 2.9\tex\generic\babel\babel.def"
File: babel.def 2008/07/08 v3.8m Babel common definitions
\babel@savecnt=\count88
\U@D=\dimen103
)
\l@canadian = a dialect from \language\l@american 
\l@australian = a dialect from \language\l@british 
\l@newzealand = a dialect from \language\l@british 
)
("C:\Program Files\MiKTeX 2.9\tex\generic\babel\germanb.ldf"
Language: germanb 2008/06/01 v2.6m German support from the babel system
\l@austrian = a dialect from \language\l@german 
Package babel Info: Making " an active character on input line 102.
))
("C:\Program Files\MiKTeX 2.9\tex\latex\base\fontenc.sty"
Package: fontenc 2005/09/27 v1.99g Standard LaTeX package

("C:\Program Files\MiKTeX 2.9\tex\latex\base\t1enc.def"
File: t1enc.def 2005/09/27 v1.99g Standard LaTeX file
LaTeX Font Info:    Redeclaring font encoding T1 on input line 43.
))
("C:\Program Files\MiKTeX 2.9\tex\latex\base\inputenc.sty"
Package: inputenc 2008/03/30 v1.1d Input encoding file
\inpenc@prehook=\toks14
\inpenc@posthook=\toks15

("C:\Program Files\MiKTeX 2.9\tex\latex\base\latin1.def"
File: latin1.def 2008/03/30 v1.1d Input encoding file
))
("C:\Program Files\MiKTeX 2.9\tex\latex\amsfonts\amsfonts.sty"
Package: amsfonts 2013/01/14 v3.01 Basic AMSFonts support
\@emptytoks=\toks16
\symAMSa=\mathgroup4
\symAMSb=\mathgroup5
LaTeX Font Info:    Overwriting math alphabet `\mathfrak' in version `bold'
(Font)                  U/euf/m/n --> U/euf/b/n on input line 106.
)
("C:\Program Files\MiKTeX 2.9\tex\latex\amsmath\amsmath.sty"
Package: amsmath 2013/01/14 v2.14 AMS math features
\@mathmargin=\skip43

For additional information on amsmath, use the `?' option.
("C:\Program Files\MiKTeX 2.9\tex\latex\amsmath\amstext.sty"
Package: amstext 2000/06/29 v2.01

("C:\Program Files\MiKTeX 2.9\tex\latex\amsmath\amsgen.sty"
File: amsgen.sty 1999/11/30 v2.0
\@emptytoks=\toks17
\ex@=\dimen104
))
("C:\Program Files\MiKTeX 2.9\tex\latex\amsmath\amsbsy.sty"
Package: amsbsy 1999/11/29 v1.2d
\pmbraise@=\dimen105
)
("C:\Program Files\MiKTeX 2.9\tex\latex\amsmath\amsopn.sty"
Package: amsopn 1999/12/14 v2.01 operator names
)
\inf@bad=\count89
LaTeX Info: Redefining \frac on input line 210.
\uproot@=\count90
\leftroot@=\count91
LaTeX Info: Redefining \overline on input line 306.
\classnum@=\count92
\DOTSCASE@=\count93
LaTeX Info: Redefining \ldots on input line 378.
LaTeX Info: Redefining \dots on input line 381.
LaTeX Info: Redefining \cdots on input line 466.
\Mathstrutbox@=\box26
\strutbox@=\box27
\big@size=\dimen106
LaTeX Font Info:    Redeclaring font encoding OML on input line 566.
LaTeX Font Info:    Redeclaring font encoding OMS on input line 567.
\macc@depth=\count94
\c@MaxMatrixCols=\count95
\dotsspace@=\muskip10
\c@parentequation=\count96
\dspbrk@lvl=\count97
\tag@help=\toks18
\row@=\count98
\column@=\count99
\maxfields@=\count100
\andhelp@=\toks19
\eqnshift@=\dimen107
\alignsep@=\dimen108
\tagshift@=\dimen109
\tagwidth@=\dimen110
\totwidth@=\dimen111
\lineht@=\dimen112
\@envbody=\toks20
\multlinegap=\skip44
\multlinetaggap=\skip45
\mathdisplay@stack=\toks21
LaTeX Info: Redefining \[ on input line 2665.
LaTeX Info: Redefining \] on input line 2666.
)
("C:\Program Files\MiKTeX 2.9\tex\latex\base\latexsym.sty"
Package: latexsym 1998/08/17 v2.2e Standard LaTeX package (lasy symbols)
\symlasy=\mathgroup6
LaTeX Font Info:    Overwriting symbol font `lasy' in version `bold'
(Font)                  U/lasy/m/n --> U/lasy/b/n on input line 47.
)
("C:\Program Files\MiKTeX 2.9\tex\latex\amsfonts\amssymb.sty"
Package: amssymb 2013/01/14 v3.01 AMS font symbols
)
("C:\Program Files\MiKTeX 2.9\tex\latex\graphics\epsfig.sty"
Package: epsfig 1999/02/16 v1.7a (e)psfig emulation (SPQR)

("C:\Program Files\MiKTeX 2.9\tex\latex\graphics\graphicx.sty"
Package: graphicx 1999/02/16 v1.0f Enhanced LaTeX Graphics (DPC,SPQR)

("C:\Program Files\MiKTeX 2.9\tex\latex\graphics\keyval.sty"
Package: keyval 1999/03/16 v1.13 key=value parser (DPC)
\KV@toks@=\toks22
)
("C:\Program Files\MiKTeX 2.9\tex\latex\graphics\graphics.sty"
Package: graphics 2009/02/05 v1.0o Standard LaTeX Graphics (DPC,SPQR)

("C:\Program Files\MiKTeX 2.9\tex\latex\graphics\trig.sty"
Package: trig 1999/03/16 v1.09 sin cos tan (DPC)
)
("C:\Program Files\MiKTeX 2.9\tex\latex\00miktex\graphics.cfg"
File: graphics.cfg 2007/01/18 v1.5 graphics configuration of teTeX/TeXLive
)
Package graphics Info: Driver file: pdftex.def on input line 91.

("C:\Program Files\MiKTeX 2.9\tex\latex\pdftex-def\pdftex.def"
File: pdftex.def 2011/05/27 v0.06d Graphics/color for pdfTeX

("C:\Program Files\MiKTeX 2.9\tex\generic\oberdiek\infwarerr.sty"
Package: infwarerr 2010/04/08 v1.3 Providing info/warning/error messages (HO)
)
("C:\Program Files\MiKTeX 2.9\tex\generic\oberdiek\ltxcmds.sty"
Package: ltxcmds 2011/11/09 v1.22 LaTeX kernel commands for general use (HO)
)
\Gread@gobject=\count101
))
\Gin@req@height=\dimen113
\Gin@req@width=\dimen114
)
\epsfxsize=\dimen115
\epsfysize=\dimen116
)
("C:\Program Files\MiKTeX 2.9\tex\latex\moreverb\moreverb.sty"
Package: moreverb 2008/06/03 v2.3a `more' verbatim facilities

("C:\Program Files\MiKTeX 2.9\tex\latex\tools\verbatim.sty"
Package: verbatim 2003/08/22 v1.5q LaTeX2e package for verbatim enhancements
\every@verbatim=\toks23
\verbatim@line=\toks24
\verbatim@in@stream=\read1
)
\tab@position=\count102
\tab@size=\count103
\listing@line=\count104
)
("C:\Program Files\MiKTeX 2.9\tex\latex\rotating\rotating.sty"
Package: rotating 2009/03/28 v2.16a rotated objects in LaTeX

("C:\Program Files\MiKTeX 2.9\tex\latex\base\ifthen.sty"
Package: ifthen 2001/05/26 v1.1c Standard LaTeX ifthen package (DPC)
)
\c@r@tfl@t=\count105
\rotFPtop=\skip46
\rotFPbot=\skip47
\rot@float@box=\box28
\rot@mess@toks=\toks25
)
("C:\Program Files\MiKTeX 2.9\tex\latex\tools\enumerate.sty"
Package: enumerate 1999/03/05 v3.00 enumerate extensions (DPC)
\@enLab=\toks26
)
("C:\Program Files\MiKTeX 2.9\tex\latex\wrapfig\wrapfig.sty"
\wrapoverhang=\dimen117
\WF@size=\dimen118
\c@WF@wrappedlines=\count106
\WF@box=\box29
\WF@everypar=\toks27
Package: wrapfig 2003/01/31  v 3.6
)
("C:\Program Files\MiKTeX 2.9\tex\latex\fancybox\fancybox.sty"
Package: fancybox 2010/05/15 1.4

Style option: `fancybox' v1.4 <2010/05/15> (tvz)
\@fancybox=\box30
\shadowsize=\dimen119
\@Sbox=\box31
\do@VerbBox=\toks28
\the@fancyput=\toks29
\this@fancyput=\toks30
\EndVerbatimTokens=\toks31
\Verbatim@Outfile=\write3
\Verbatim@Infile=\read2
) ("C:\Program Files\MiKTeX 2.9\tex\latex\picinpar\picinpar.sty"
Pictures in Paragraphs. Version 1.2a, July 13, 1993
\br=\count107
\bl=\count108
\na=\count109
\nb=\count110
\tcdsav=\count111
\tcl=\count112
\tcd=\count113
\tcn=\count114
\cumtcl=\count115
\cumpartcl=\count116
\lftside=\dimen120
\rtside=\dimen121
\hpic=\dimen122
\vpic=\dimen123
\strutilg=\dimen124
\picwd=\dimen125
\topheight=\dimen126
\ilg=\dimen127
\lpic=\dimen128
\lwindowsep=\dimen129
\rwindowsep=\dimen130
\cumpar=\dimen131
\twa=\toks32
\la=\toks33
\ra=\toks34
\ha=\toks35
\pictoc=\toks36
\rawtext=\box32
\holder=\box33
\windowbox=\box34
\wartext=\box35
\finaltext=\box36
\aslice=\box37
\bslice=\box38
\wbox=\box39
\wstrutbox=\box40
\picbox=\box41
\waslice=\box42
\wbslice=\box43
\fslice=\box44
) ("C:\Program Files\MiKTeX 2.9\tex\latex\tools\varioref.sty"
Package: varioref 2011/10/02 v1.4z package for extended references (FMi)
\c@vrcnt=\count117
)
("C:\Program Files\MiKTeX 2.9\tex\latex\floatflt\floatflt.sty"
Package: floatflt 1997/07/16 v. 1.31
\c@OptionTest=\count118
\figbox=\box45
\tabbox=\box46
\pagebox=\box47
\ffigcount=\count119
\ftabcount=\count120
\fftest=\count121
\hangcount=\count122
\nosuccesstryfig=\count123
\nosuccesstrytab=\count124
\figgutter=\dimen132
\tabgutter=\dimen133
\htdone=\dimen134
\pageht=\dimen135
\startpageht=\dimen136
\tabbredd=\dimen137
\floatfltwidth=\dimen138
\fltitemwidth=\dimen139
\outputpretest=\toks37
)
("C:\Program Files\MiKTeX 2.9\tex\latex\ae\ae.sty"
Package: ae 2001/02/12 1.3 Almost European Computer Modern

("C:\Program Files\MiKTeX 2.9\tex\latex\base\fontenc.sty"
Package: fontenc 2005/09/27 v1.99g Standard LaTeX package

("C:\Program Files\MiKTeX 2.9\tex\latex\base\t1enc.def"
File: t1enc.def 2005/09/27 v1.99g Standard LaTeX file
LaTeX Font Info:    Redeclaring font encoding T1 on input line 43.
)
LaTeX Font Info:    Try loading font information for T1+aer on input line 100.

("C:\Program Files\MiKTeX 2.9\tex\latex\ae\t1aer.fd"
File: t1aer.fd 1997/11/16 Font definitions for T1/aer.
)))
("C:\Program Files\MiKTeX 2.9\tex\latex\tools\longtable.sty"
Package: longtable 2004/02/01 v4.11 Multi-page Table package (DPC)
\LTleft=\skip48
\LTright=\skip49
\LTpre=\skip50
\LTpost=\skip51
\LTchunksize=\count125
\LTcapwidth=\dimen140
\LT@head=\box48
\LT@firsthead=\box49
\LT@foot=\box50
\LT@lastfoot=\box51
\LT@cols=\count126
\LT@rows=\count127
\c@LT@tables=\count128
\c@LT@chunks=\count129
\LT@p@ftn=\toks38
)
("C:\Program Files\MiKTeX 2.9\tex\latex\base\textcomp.sty"
Package: textcomp 2005/09/27 v1.99g Standard LaTeX package
Package textcomp Info: Sub-encoding information:
(textcomp)               5 = only ISO-Adobe without \textcurrency
(textcomp)               4 = 5 + \texteuro
(textcomp)               3 = 4 + \textohm
(textcomp)               2 = 3 + \textestimated + \textcurrency
(textcomp)               1 = TS1 - \textcircled - \t
(textcomp)               0 = TS1 (full)
(textcomp)             Font families with sub-encoding setting implement
(textcomp)             only a restricted character set as indicated.
(textcomp)             Family '?' is the default used for unknown fonts.
(textcomp)             See the documentation for details.
Package textcomp Info: Setting ? sub-encoding to TS1/1 on input line 71.

("C:\Program Files\MiKTeX 2.9\tex\latex\base\ts1enc.def"
File: ts1enc.def 2001/06/05 v3.0e (jk/car/fm) Standard LaTeX file
)
LaTeX Info: Redefining \oldstylenums on input line 266.
Package textcomp Info: Setting cmr sub-encoding to TS1/0 on input line 281.
Package textcomp Info: Setting cmss sub-encoding to TS1/0 on input line 282.
Package textcomp Info: Setting cmtt sub-encoding to TS1/0 on input line 283.
Package textcomp Info: Setting cmvtt sub-encoding to TS1/0 on input line 284.
Package textcomp Info: Setting cmbr sub-encoding to TS1/0 on input line 285.
Package textcomp Info: Setting cmtl sub-encoding to TS1/0 on input line 286.
Package textcomp Info: Setting ccr sub-encoding to TS1/0 on input line 287.
Package textcomp Info: Setting ptm sub-encoding to TS1/4 on input line 288.
Package textcomp Info: Setting pcr sub-encoding to TS1/4 on input line 289.
Package textcomp Info: Setting phv sub-encoding to TS1/4 on input line 290.
Package textcomp Info: Setting ppl sub-encoding to TS1/3 on input line 291.
Package textcomp Info: Setting pag sub-encoding to TS1/4 on input line 292.
Package textcomp Info: Setting pbk sub-encoding to TS1/4 on input line 293.
Package textcomp Info: Setting pnc sub-encoding to TS1/4 on input line 294.
Package textcomp Info: Setting pzc sub-encoding to TS1/4 on input line 295.
Package textcomp Info: Setting bch sub-encoding to TS1/4 on input line 296.
Package textcomp Info: Setting put sub-encoding to TS1/5 on input line 297.
Package textcomp Info: Setting uag sub-encoding to TS1/5 on input line 298.
Package textcomp Info: Setting ugq sub-encoding to TS1/5 on input line 299.
Package textcomp Info: Setting ul8 sub-encoding to TS1/4 on input line 300.
Package textcomp Info: Setting ul9 sub-encoding to TS1/4 on input line 301.
Package textcomp Info: Setting augie sub-encoding to TS1/5 on input line 302.
Package textcomp Info: Setting dayrom sub-encoding to TS1/3 on input line 303.
Package textcomp Info: Setting dayroms sub-encoding to TS1/3 on input line 304.

Package textcomp Info: Setting pxr sub-encoding to TS1/0 on input line 305.
Package textcomp Info: Setting pxss sub-encoding to TS1/0 on input line 306.
Package textcomp Info: Setting pxtt sub-encoding to TS1/0 on input line 307.
Package textcomp Info: Setting txr sub-encoding to TS1/0 on input line 308.
Package textcomp Info: Setting txss sub-encoding to TS1/0 on input line 309.
Package textcomp Info: Setting txtt sub-encoding to TS1/0 on input line 310.
Package textcomp Info: Setting lmr sub-encoding to TS1/0 on input line 311.
Package textcomp Info: Setting lmdh sub-encoding to TS1/0 on input line 312.
Package textcomp Info: Setting lmss sub-encoding to TS1/0 on input line 313.
Package textcomp Info: Setting lmssq sub-encoding to TS1/0 on input line 314.
Package textcomp Info: Setting lmvtt sub-encoding to TS1/0 on input line 315.
Package textcomp Info: Setting qhv sub-encoding to TS1/0 on input line 316.
Package textcomp Info: Setting qag sub-encoding to TS1/0 on input line 317.
Package textcomp Info: Setting qbk sub-encoding to TS1/0 on input line 318.
Package textcomp Info: Setting qcr sub-encoding to TS1/0 on input line 319.
Package textcomp Info: Setting qcs sub-encoding to TS1/0 on input line 320.
Package textcomp Info: Setting qpl sub-encoding to TS1/0 on input line 321.
Package textcomp Info: Setting qtm sub-encoding to TS1/0 on input line 322.
Package textcomp Info: Setting qzc sub-encoding to TS1/0 on input line 323.
Package textcomp Info: Setting qhvc sub-encoding to TS1/0 on input line 324.
Package textcomp Info: Setting futs sub-encoding to TS1/4 on input line 325.
Package textcomp Info: Setting futx sub-encoding to TS1/4 on input line 326.
Package textcomp Info: Setting futj sub-encoding to TS1/4 on input line 327.
Package textcomp Info: Setting hlh sub-encoding to TS1/3 on input line 328.
Package textcomp Info: Setting hls sub-encoding to TS1/3 on input line 329.
Package textcomp Info: Setting hlst sub-encoding to TS1/3 on input line 330.
Package textcomp Info: Setting hlct sub-encoding to TS1/5 on input line 331.
Package textcomp Info: Setting hlx sub-encoding to TS1/5 on input line 332.
Package textcomp Info: Setting hlce sub-encoding to TS1/5 on input line 333.
Package textcomp Info: Setting hlcn sub-encoding to TS1/5 on input line 334.
Package textcomp Info: Setting hlcw sub-encoding to TS1/5 on input line 335.
Package textcomp Info: Setting hlcf sub-encoding to TS1/5 on input line 336.
Package textcomp Info: Setting pplx sub-encoding to TS1/3 on input line 337.
Package textcomp Info: Setting pplj sub-encoding to TS1/3 on input line 338.
Package textcomp Info: Setting ptmx sub-encoding to TS1/4 on input line 339.
Package textcomp Info: Setting ptmj sub-encoding to TS1/4 on input line 340.
)
("C:\Program Files\MiKTeX 2.9\tex\latex\float\float.sty"
Package: float 2001/11/08 v1.3d Float enhancements (AL)
\c@float@type=\count130
\float@exts=\toks39
\float@box=\box52
\@float@everytoks=\toks40
\@floatcapt=\box53
)
("C:\Program Files\MiKTeX 2.9\tex\latex\ltxmisc\url.sty"
\Urlmuskip=\muskip11
Package: url 2006/04/12  ver 3.3  Verb mode for urls, etc.
)
(C:\Users\Oliver\Desktop\MastersThesisCsg_TempFolder\Thesis-pdlatex-Serif\unizh
dt.sty ("C:\Program Files\MiKTeX 2.9\tex\latex\base\fontenc.sty"
Package: fontenc 2005/09/27 v1.99g Standard LaTeX package

("C:\Program Files\MiKTeX 2.9\tex\latex\base\t1enc.def"
File: t1enc.def 2005/09/27 v1.99g Standard LaTeX file
LaTeX Font Info:    Redeclaring font encoding T1 on input line 43.
)))
("C:\Program Files\MiKTeX 2.9\tex\latex\algorithmicx\algpseudocode.sty"
Package: algpseudocode 

("C:\Program Files\MiKTeX 2.9\tex\latex\algorithmicx\algorithmicx.sty"
Package: algorithmicx 2005/04/27 v1.2 Algorithmicx

Document Style algorithmicx 1.2 - a greatly improved `algorithmic' style
\c@ALG@line=\count131
\c@ALG@rem=\count132
\c@ALG@nested=\count133
\ALG@tlm=\skip52
\ALG@thistlm=\skip53
\c@ALG@Lnr=\count134
\c@ALG@blocknr=\count135
\c@ALG@storecount=\count136
\c@ALG@tmpcounter=\count137
\ALG@tmplength=\skip54
)
Document Style - pseudocode environments for use with the `algorithmicx' style
)
(C:\Users\Oliver\Desktop\MastersThesisCsg_TempFolder\Thesis-pdlatex-Serif\thesi
s.aux)
LaTeX Font Info:    Checking defaults for OML/cmm/m/it on input line 34.
LaTeX Font Info:    ... okay on input line 34.
LaTeX Font Info:    Checking defaults for T1/cmr/m/n on input line 34.
LaTeX Font Info:    ... okay on input line 34.
LaTeX Font Info:    Checking defaults for OT1/cmr/m/n on input line 34.
LaTeX Font Info:    ... okay on input line 34.
LaTeX Font Info:    Checking defaults for OMS/cmsy/m/n on input line 34.
LaTeX Font Info:    ... okay on input line 34.
LaTeX Font Info:    Checking defaults for OMX/cmex/m/n on input line 34.
LaTeX Font Info:    ... okay on input line 34.
LaTeX Font Info:    Checking defaults for U/cmr/m/n on input line 34.
LaTeX Font Info:    ... okay on input line 34.
LaTeX Font Info:    Checking defaults for TS1/cmr/m/n on input line 34.
LaTeX Font Info:    Try loading font information for TS1+cmr on input line 34.
 ("C:\Program Files\MiKTeX 2.9\tex\latex\base\ts1cmr.fd"
File: ts1cmr.fd 1999/05/25 v2.5h Standard LaTeX font definitions
)
LaTeX Font Info:    ... okay on input line 34.

("C:\Program Files\MiKTeX 2.9\tex\context\base\supp-pdf.mkii"
[Loading MPS to PDF converter (version 2006.09.02).]
\scratchcounter=\count138
\scratchdimen=\dimen141
\scratchbox=\box54
\nofMPsegments=\count139
\nofMParguments=\count140
\everyMPshowfont=\toks41
\MPscratchCnt=\count141
\MPscratchDim=\dimen142
\MPnumerator=\count142
\makeMPintoPDFobject=\count143
\everyMPtoPDFconversion=\toks42
)
LaTeX Font Info:    Try loading font information for T1+phv on input line 54.
 ("C:\Program Files\MiKTeX 2.9\tex\latex\psnfss\t1phv.fd"
File: t1phv.fd 2001/06/04 scalable font definitions for T1/phv.
)
<uzh_logo_e.pdf, id=1, 181.78688pt x 56.90552pt>
File: uzh_logo_e.pdf Graphic file (type pdf)
 <use uzh_logo_e.pdf>
Package pdftex.def Info: uzh_logo_e.pdf used on input line 54.
(pdftex.def)             Requested size: 193.47882pt x 60.567pt.
LaTeX Font Info:    Font shape `T1/phv/bx/n' in size <24.88> not available
(Font)              Font shape `T1/phv/b/n' tried instead on input line 54.

<ifi_logo.pdf, id=2, 117.95413pt x 135.26477pt>
File: ifi_logo.pdf Graphic file (type pdf)
 <use ifi_logo.pdf>
Package pdftex.def Info: ifi_logo.pdf used on input line 54.
(pdftex.def)             Requested size: 39.83368pt x 45.67981pt.

Overfull \hbox (11.44643pt too wide) in paragraph at lines 54--54
[] []  [] 
 []

[1

{C:/ProgramData/MiKTeX/2.9/pdftex/config/pdftex.map} <C:/Users/Oliver/Desktop/M
astersThesisCsg_TempFolder/Thesis-pdlatex-Serif/uzh_logo_e.pdf> <C:/Users/Olive
r/Desktop/MastersThesisCsg_TempFolder/Thesis-pdlatex-Serif/ifi_logo.pdf>]
LaTeX Font Info:    Try loading font information for U+msa on input line 57.

("C:\Program Files\MiKTeX 2.9\tex\latex\amsfonts\umsa.fd"
File: umsa.fd 2013/01/14 v3.01 AMS symbols A
)
LaTeX Font Info:    Try loading font information for U+msb on input line 57.

("C:\Program Files\MiKTeX 2.9\tex\latex\amsfonts\umsb.fd"
File: umsb.fd 2013/01/14 v3.01 AMS symbols B
)
LaTeX Font Info:    Try loading font information for U+lasy on input line 57.

("C:\Program Files\MiKTeX 2.9\tex\latex\base\ulasy.fd"
File: ulasy.fd 1998/08/17 v2.2e LaTeX symbol font definitions
)
Underfull \hbox (badness 10000) in alignment at lines 57--57
[]
 []


Underfull \hbox (badness 10000) in paragraph at lines 57--57

 []

[2]
(C:\Users\Oliver\Desktop\MastersThesisCsg_TempFolder\Thesis-pdlatex-Serif\abstr
act.tex)
(C:\Users\Oliver\Desktop\MastersThesisCsg_TempFolder\Thesis-pdlatex-Serif\ackno
wledgments.tex [1

] [2

]) [3] [4

]
(C:\Users\Oliver\Desktop\MastersThesisCsg_TempFolder\Thesis-pdlatex-Serif\thesi
s.toc [5])
\tf@toc=\write4
 [6]
(C:\Users\Oliver\Desktop\MastersThesisCsg_TempFolder\Thesis-pdlatex-Serif\intro
duction.tex
Chapter 1.
)
(C:\Users\Oliver\Desktop\MastersThesisCsg_TempFolder\Thesis-pdlatex-Serif\relat
edwork.tex [1


] [2

]
Chapter 2.
)
(C:\Users\Oliver\Desktop\MastersThesisCsg_TempFolder\Thesis-pdlatex-Serif\metho
ds.tex [3] [4]
Chapter 3.
[5

]
Underfull \hbox (badness 10000) in paragraph at lines 32--39

 []

<mapreduce_workflow.png, id=65, 514.17094pt x 383.93437pt>
File: mapreduce_workflow.png Graphic file (type png)

<use mapreduce_workflow.png>
Package pdftex.def Info: mapreduce_workflow.png used on input line 44.
(pdftex.def)             Requested size: 514.1697pt x 383.93343pt.

Overfull \hbox (58.92561pt too wide) in paragraph at lines 44--45
 [][] 
 []

)
(C:\Users\Oliver\Desktop\MastersThesisCsg_TempFolder\Thesis-pdlatex-Serif\evalu
ation.tex [6] [7 <C:/Users/Oliver/Desktop/MastersThesisCsg_TempFolder/Thesis-pd
latex-Serif/mapreduce_workflow.png>] [8

]
Chapter 4.
)
(C:\Users\Oliver\Desktop\MastersThesisCsg_TempFolder\Thesis-pdlatex-Serif\summa
ry.tex [9] [10

]
Chapter 5.
)
(C:\Users\Oliver\Desktop\MastersThesisCsg_TempFolder\Thesis-pdlatex-Serif\bibli
ography.tex [11] [12

]
LaTeX Font Info:    Try loading font information for T1+aett on input line 4.
 ("C:\Program Files\MiKTeX 2.9\tex\latex\ae\t1aett.fd"
File: t1aett.fd 1997/11/16 Font definitions for T1/aett.
))
(C:\Users\Oliver\Desktop\MastersThesisCsg_TempFolder\Thesis-pdlatex-Serif\abbre
viations.tex [13] [14

])
(C:\Users\Oliver\Desktop\MastersThesisCsg_TempFolder\Thesis-pdlatex-Serif\gloss
ary.tex
Underfull \hbox (badness 10000) in paragraph at lines 6--1

 []

[15] [16

]) [17] [18

]
(C:\Users\Oliver\Desktop\MastersThesisCsg_TempFolder\Thesis-pdlatex-Serif\thesi
s.lof)
\tf@lof=\write5
 [19] [20

]
(C:\Users\Oliver\Desktop\MastersThesisCsg_TempFolder\Thesis-pdlatex-Serif\thesi
s.lot)
\tf@lot=\write6

(C:\Users\Oliver\Desktop\MastersThesisCsg_TempFolder\Thesis-pdlatex-Serif\appen
dix.tex [21] [22

]
Appendix A.
[23] [24

]
Appendix B.
)
(C:\Users\Oliver\Desktop\MastersThesisCsg_TempFolder\Thesis-pdlatex-Serif\thesi
s.bbl [25] [26

]) [27]
(C:\Users\Oliver\Desktop\MastersThesisCsg_TempFolder\Thesis-pdlatex-Serif\thesi
s.aux) ) 
Here is how much of TeX's memory you used:
 4816 strings out of 493921
 64583 string characters out of 3147279
 119109 words of memory out of 3000000
 7904 multiletter control sequences out of 15000+200000
 54215 words of font info for 87 fonts, out of 3000000 for 9000
 841 hyphenation exceptions out of 8191
 34i,7n,24p,1423b,270s stack positions out of 5000i,500n,10000p,200000b,50000s
{C:/Program Files/MiKTeX 2.9/fonts/enc/dvips/fontname/8r.enc}<C:/Progra
m Files/MiKTeX 2.9/fonts/type1/public/amsfonts/cm/cmbx12.pfb><C:/Program Files/
MiKTeX 2.9/fonts/type1/public/amsfonts/cm/cmcsc10.pfb><C:/Program Files/MiKTeX 
2.9/fonts/type1/public/amsfonts/cm/cmmi12.pfb><C:/Program Files/MiKTeX 2.9/font
s/type1/public/amsfonts/cm/cmr12.pfb><C:/Program Files/MiKTeX 2.9/fonts/type1/p
ublic/amsfonts/cm/cmsl12.pfb><C:/Program Files/MiKTeX 2.9/fonts/type1/public/am
sfonts/cm/cmsy10.pfb><C:/Program Files/MiKTeX 2.9/fonts/type1/public/amsfonts/c
m/cmti12.pfb><C:/Program Files/MiKTeX 2.9/fonts/type1/public/amsfonts/cm/cmtt12
.pfb><C:/Program Files/MiKTeX 2.9/fonts/type1/urw/helvetic/uhvb8a.pfb><C:/Progr
am Files/MiKTeX 2.9/fonts/type1/urw/helvetic/uhvr8a.pfb><C:/Program Files/MiKTe
X 2.9/fonts/type1/urw/helvetic/uhvro8a.pfb>
Output written on thesis.pdf (35 pages, 243613 bytes).
PDF statistics:
 175 PDF objects out of 1000 (max. 8388607)
 0 named destinations out of 1000 (max. 500000)
 16 words of extra memory for PDF output out of 10000 (max. 10000000)

